<?xml version="1.0" encoding="UTF-8"?>
<!-- Generated by org.testng.reporters.JUnitReportReporter -->
<testsuite skipped="0" hostname="NLLH4000520205" name="com.consumercredits.dod.TestNG_DoDTestSuite" tests="10" failures="0" timestamp="16 Sep 2019 11:37:25 GMT" time="63.936" errors="0">
  <testcase name="languageChangeCheck" time="3.760" classname="com.consumercredits.dod.TestNG_DoDTestSuite"/>
  <testcase name="boReachCheck" time="6.317" classname="com.consumercredits.dod.TestNG_DoDTestSuite"/>
  <testcase name="successSearch" time="2.028" classname="com.consumercredits.dod.TestNG_DoDTestSuite"/>
  <testcase name="accountGroupVerification" time="8.019" classname="com.consumercredits.dod.TestNG_DoDTestSuite"/>
  <testcase name="accountGroupVerification" time="5.144" classname="com.consumercredits.dod.TestNG_DoDTestSuite"/>
  <testcase name="accountGroupVerification" time="12.579" classname="com.consumercredits.dod.TestNG_DoDTestSuite"/>
  <testcase name="accountGroupVerification" time="5.257" classname="com.consumercredits.dod.TestNG_DoDTestSuite"/>
  <testcase name="accountGroupVerification" time="7.997" classname="com.consumercredits.dod.TestNG_DoDTestSuite"/>
  <testcase name="accountGroupVerification" time="5.162" classname="com.consumercredits.dod.TestNG_DoDTestSuite"/>
  <testcase name="accountGroupVerification" time="7.673" classname="com.consumercredits.dod.TestNG_DoDTestSuite"/>
</testsuite> <!-- com.consumercredits.dod.TestNG_DoDTestSuite -->
